warning: unused import: `loss`
  --> aideen-training-lab/src/trainer.rs:20:13
   |
20 | use crate::{loss, optimizer::Adam};
   |             ^^^^
   |
   = note: `#[warn(unused_imports)]` on by default

warning: variable does not need to be mutable
    --> aideen-training-lab/src/trainer.rs:5698:21
     |
5698 |                 let mut gpu_stats = {
     |                     ----^^^^^^^^^
     |                     |
     |                     help: remove this `mut`
     |
     = note: `#[warn(unused_mut)]` on by default

warning: struct `FpmHealthMetrics` is never constructed
  --> aideen-training-lab/src/trainer.rs:88:8
   |
88 | struct FpmHealthMetrics {
   |        ^^^^^^^^^^^^^^^^
   |
   = note: `FpmHealthMetrics` has a derived impl for the trait `Default`, but this is intentionally ignored during dead code analysis
   = note: `#[warn(dead_code)]` on by default

warning: enum `SolveStatus` is never used
   --> aideen-training-lab/src/trainer.rs:106:6
    |
106 | enum SolveStatus {
    |      ^^^^^^^^^^^

warning: method `label` is never used
   --> aideen-training-lab/src/trainer.rs:114:8
    |
113 | impl SolveStatus {
    | ---------------- method in this implementation
114 |     fn label(self) -> &'static str {
    |        ^^^^^

warning: multiple fields are never read
   --> aideen-training-lab/src/trainer.rs:196:5
    |
139 | pub struct Trainer {
    |            ------- fields in this struct
...
196 |     grad_accum_counter: u32, // steps accumulated so far in the current window
    |     ^^^^^^^^^^^^^^^^^^
...
199 |     debug_last_time: Option<std::time::Instant>,
    |     ^^^^^^^^^^^^^^^
200 |     debug_tokens_accum: u32, // tokens processed since last GPU-DEBUG print
    |     ^^^^^^^^^^^^^^^^^^
...
205 |     cached_debug_buf: Vec<f32>,
    |     ^^^^^^^^^^^^^^^^
206 |     cached_debug_gen: u64,
    |     ^^^^^^^^^^^^^^^^
207 |     invalid_eval_debug_gen: u64,
    |     ^^^^^^^^^^^^^^^^^^^^^^
...
210 |     fpm_alpha_m_current: f32,
    |     ^^^^^^^^^^^^^^^^^^^
211 |     fpm_tau_current: f32,
    |     ^^^^^^^^^^^^^^^
212 |     fpm_err_h_window: VecDeque<f32>,
    |     ^^^^^^^^^^^^^^^^
213 |     fpm_last_err_h_avg: f32,
    |     ^^^^^^^^^^^^^^^^^^
...
219 |     cfg_solve_control_every: usize, // AIDEEN_SOLVE_CONTROL_EVERY
    |     ^^^^^^^^^^^^^^^^^^^^^^^
220 |     pub cfg_loss_readback_every: usize, // AIDEEN_LOSS_READBACK_EVERY
221 |     cfg_gpu_step_fence_every: usize, // AIDEEN_GPU_STEP_FENCE_EVERY
    |     ^^^^^^^^^^^^^^^^^^^^^^^^
222 |     cfg_grad_accum: u32,           // AIDEEN_GRAD_ACCUM
    |     ^^^^^^^^^^^^^^
...
226 |     cfg_wv_debug: bool,            // AIDEEN_DEQ_WV_DEBUG
    |     ^^^^^^^^^^^^
227 |     cfg_ssm_debug: bool,           // AIDEEN_SSM_DEBUG
    |     ^^^^^^^^^^^^^
...
230 |     cfg_system_cost_audit: bool,   // AIDEEN_SYSTEM_COST_AUDIT
    |     ^^^^^^^^^^^^^^^^^^^^^
231 |     cfg_system_cost_wait: bool,    // AIDEEN_SYSTEM_COST_WAIT
    |     ^^^^^^^^^^^^^^^^^^^^
232 |     cfg_slot_path_audit: bool,     // AIDEEN_SLOT_PATH_AUDIT
    |     ^^^^^^^^^^^^^^^^^^^
233 |     cfg_force_renorm: bool,        // AIDEEN_DEQ_FORCE_RENORM
    |     ^^^^^^^^^^^^^^^^
234 |     cfg_lm_force_cpu_dldh: bool,   // AIDEEN_LM_FORCE_CPU_DLDH
    |     ^^^^^^^^^^^^^^^^^^^^^
235 |     cfg_lm_dldh_parity: bool,      // AIDEEN_LM_DLDH_PARITY
    |     ^^^^^^^^^^^^^^^^^^
236 |     cfg_lm_exact_cpu: bool,        // AIDEEN_LM_EXACT_CPU
    |     ^^^^^^^^^^^^^^^^
237 |     cfg_lm_exact_cpu_every: u32,   // AIDEEN_LM_EXACT_CPU_EVERY
    |     ^^^^^^^^^^^^^^^^^^^^^^
238 |     cfg_exact_timing: bool,        // AIDEEN_EXACT_TIMING
    |     ^^^^^^^^^^^^^^^^
239 |     cfg_exact_gpu_w_update: bool,  // AIDEEN_LM_EXACT_GPU_W_UPDATE
    |     ^^^^^^^^^^^^^^^^^^^^^^
...
247 |     cfg_assoc_lr_mult: f32,        // AIDEEN_ASSOC_LR_MULT
    |     ^^^^^^^^^^^^^^^^^
248 |     cfg_assoc_event_lr_mult: f32,  // AIDEEN_ASSOC_EVENT_LR_MULT
    |     ^^^^^^^^^^^^^^^^^^^^^^^
249 |     cfg_assoc_alpha_lr_mult: f32,  // AIDEEN_ASSOC_ALPHA_LR_MULT
    |     ^^^^^^^^^^^^^^^^^^^^^^^
250 |     cfg_assoc_addr_lr_mult: f32,   // AIDEEN_ASSOC_ADDR_LR_MULT
    |     ^^^^^^^^^^^^^^^^^^^^^^

warning: multiple associated items are never used
    --> aideen-training-lab/src/trainer.rs:422:8
     |
253  | impl Trainer {
     | ------------ associated items in this implementation
...
422  |     fn emergency_solve_cap(&self) -> u32 {
     |        ^^^^^^^^^^^^^^^^^^^
...
519  |     fn assoc_banks_from_env() -> usize {
     |        ^^^^^^^^^^^^^^^^^^^^
...
527  |     fn format_assoc_state_summary(assoc: &[f32], h_slots: usize, d_model: usize) -> String {
     |        ^^^^^^^^^^^^^^^^^^^^^^^^^^
...
573  |     fn format_assoc_budget_debug(debug: &[f32], h_slots: usize) -> Option<String> {
     |        ^^^^^^^^^^^^^^^^^^^^^^^^^
...
595  |     fn format_assoc_bridge_debug(debug: &[f32], h_slots: usize) -> Option<String> {
     |        ^^^^^^^^^^^^^^^^^^^^^^^^^
...
630  |     fn format_assoc_read_debug(debug: &[f32], h_slots: usize) -> Option<String> {
     |        ^^^^^^^^^^^^^^^^^^^^^^^
...
957  |     fn gib(bytes: f64) -> f64 {
     |        ^^^
...
969  |     fn baseline_fpm_enabled() -> bool {
     |        ^^^^^^^^^^^^^^^^^^^^
...
983  |     fn effective_fpm_enabled() -> bool {
     |        ^^^^^^^^^^^^^^^^^^^^^
...
987  |     fn fpm_stage_from_env() -> u32 {
     |        ^^^^^^^^^^^^^^^^^^
...
1006 |     fn estimate_forward_bandwidth_bytes(
     |        ^^^^^^^^^^^^^^^^^^^^^^^^^^^^^^^^
...
1047 |     fn decode_forward_debug_metrics(
     |        ^^^^^^^^^^^^^^^^^^^^^^^^^^^^
...
1117 |     fn decode_slot_observability_metrics(fw: &[f32], h_slots: usize) -> Vec<(f32, f32, f32)> {
     |        ^^^^^^^^^^^^^^^^^^^^^^^^^^^^^^^^^
...
1129 |     fn decode_slot_max_a_delta_metrics(fw: &[f32], h_slots: usize) -> Vec<f32> {
     |        ^^^^^^^^^^^^^^^^^^^^^^^^^^^^^^^
...
1141 |     fn decode_slot_owner_metrics(fw: &[f32], h_slots: usize) -> Vec<(f32, f32, f32)> {
     |        ^^^^^^^^^^^^^^^^^^^^^^^^^
...
1153 |     fn decode_debug_snapshot_header(fw: &[f32]) -> Option<(f32, f32, f32, f32, f32, f32, f32)> {
     |        ^^^^^^^^^^^^^^^^^^^^^^^^^^^^
...
1160 |     fn valid_debug_snapshot(fw: &[f32]) -> bool {
     |        ^^^^^^^^^^^^^^^^^^^^
...
1413 |     fn extract_slot_incoming(audit: &str) -> Option<&str> {
     |        ^^^^^^^^^^^^^^^^^^^^^
...
1511 |     fn decode_fpm_diag_metrics(
     |        ^^^^^^^^^^^^^^^^^^^^^^^
...
1539 |     fn decode_fpm_read_metrics(
     |        ^^^^^^^^^^^^^^^^^^^^^^^
...
1584 |     fn decode_fpm_write_branch_metrics(
     |        ^^^^^^^^^^^^^^^^^^^^^^^^^^^^^^^
...
1606 |     fn decode_fpm_health_metrics(fw: &[f32], h_slots: usize) -> Option<FpmHealthMetrics> {
     |        ^^^^^^^^^^^^^^^^^^^^^^^^^
...
1648 |     fn fpm_health_threshold(epsilon: f32) -> f32 {
     |        ^^^^^^^^^^^^^^^^^^^^
...
1654 |     fn classify_fpm_solve(
     |        ^^^^^^^^^^^^^^^^^^
...
1720 |     fn update_fpm_runtime_schedule(&mut self) {
     |        ^^^^^^^^^^^^^^^^^^^^^^^^^^^
...
2009 |     fn damping_eff(&self) -> f32 {
     |        ^^^^^^^^^^^
...
2090 |     fn internal_segment_len(&self) -> Option<u32> {
     |        ^^^^^^^^^^^^^^^^^^^^
...
3998 |     fn apply_training_update_from_gpu_buffers(
     |        ^^^^^^^^^^^^^^^^^^^^^^^^^^^^^^^^^^^^^^

warning: `aideen-training` (lib) generated 7 warnings (run `cargo fix --lib -p aideen-training` to apply 2 suggestions)
    Finished `release` profile [optimized] target(s) in 0.30s
     Running `target/release/block_deq_train aideen-bench/tinyshakespeare.txt`
block_deq_train corpus=aideen-bench/tinyshakespeare.txt token_source=char tokens=1115394 train_tokens=1059624 val_tokens=55770 vocab=65 batch=2 block_len=32 d=32 slots=4 steps=16000 val_steps=872 val_mode=fixed val_fixed_offset=0 token_seed=13
config memory=true fpm=false consolidate_fpm=false gate_reward=RetrievalAdvantage target=utility_aligned_delta functional_mix=0.250 cond=query_token_blend target_scale=token_state pre_deq=residual_learned_relation_entity train_decoder=true train_embedding=true
step=100 elapsed_s=2.8 steps_per_sec=36.056 loss_pre=3.7567 loss_post=3.3572 fpm_loss=0.003476 gate=0.1790 desired=0.2028 util=+0.000000
step=200 elapsed_s=5.4 steps_per_sec=36.706 loss_pre=3.3138 loss_post=3.1623 fpm_loss=0.004599 gate=0.1901 desired=0.2126 util=+0.000000
step=300 elapsed_s=8.1 steps_per_sec=36.911 loss_pre=3.2210 loss_post=3.0633 fpm_loss=0.004596 gate=0.1890 desired=0.2230 util=+0.000000
step=400 elapsed_s=10.8 steps_per_sec=37.030 loss_pre=3.3417 loss_post=3.1806 fpm_loss=0.004797 gate=0.1889 desired=0.2291 util=+0.000000
step=500 elapsed_s=13.5 steps_per_sec=37.106 loss_pre=3.1962 loss_post=3.0953 fpm_loss=0.005180 gate=0.1889 desired=0.2324 util=+0.000000
val step=500 steps=872 loss_pre=3.5473 loss_train=3.5473 loss_post=3.5473 ppl_proxy=34.7195
  fpm: utility=+0.000000 replay_utility=+0.000000 retrieval_loss=0.005445 retrieval_sim=0.000000
  pipeline: projected=0.000 candidates=0.000 feed_entries=0.000 consolidated=0.000 accept_rate=0.000 cons_rate=0.000
  gate: mean=0.186425 learned_cap=0.199998 desired=0.198473 policy_reward=+0.000000
  signal: raw_op_rms=0.000000 op_rms=0.000000 gated_rms=0.000000 memory_rms=0.020864 target_cosine=+0.000000 useful_high_mse=0.000000
  functional: loss_gain=+0.000000 usefulness=0.000000 residual_rms=0.000000 target_rms=0.000000 target_cosine=+0.000000 bootstrap_active=0.000
  pre_deq: train_loss=3.547302 alpha_entity=-0.127739
step=600 elapsed_s=20.4 steps_per_sec=29.428 loss_pre=3.2761 loss_post=3.0498 fpm_loss=0.005605 gate=0.1887 desired=0.2353 util=+0.000000
step=700 elapsed_s=23.1 steps_per_sec=30.363 loss_pre=3.1253 loss_post=3.0120 fpm_loss=0.006168 gate=0.1890 desired=0.2369 util=+0.000000
step=800 elapsed_s=25.7 steps_per_sec=31.102 loss_pre=3.1370 loss_post=3.0084 fpm_loss=0.006256 gate=0.1884 desired=0.2376 util=+0.000000
step=900 elapsed_s=28.4 steps_per_sec=31.701 loss_pre=3.6852 loss_post=3.4162 fpm_loss=0.006374 gate=0.1889 desired=0.2392 util=+0.000000
step=1000 elapsed_s=31.1 steps_per_sec=32.193 loss_pre=3.0831 loss_post=2.9712 fpm_loss=0.005859 gate=0.1888 desired=0.2408 util=+0.000000
val step=1000 steps=872 loss_pre=3.3740 loss_train=3.3740 loss_post=3.3740 ppl_proxy=29.1938
  fpm: utility=+0.000000 replay_utility=+0.000000 retrieval_loss=0.006232 retrieval_sim=0.000000
  pipeline: projected=0.000 candidates=0.000 feed_entries=0.000 consolidated=0.000 accept_rate=0.000 cons_rate=0.000
  gate: mean=0.186483 learned_cap=0.199998 desired=0.198624 policy_reward=+0.000000
  signal: raw_op_rms=0.000000 op_rms=0.000000 gated_rms=0.000000 memory_rms=0.110921 target_cosine=+0.000000 useful_high_mse=0.000000
  functional: loss_gain=+0.000000 usefulness=0.000000 residual_rms=0.000000 target_rms=0.000000 target_cosine=+0.000000 bootstrap_active=0.000
  pre_deq: train_loss=3.373956 alpha_entity=-0.390665
step=1100 elapsed_s=38.0 steps_per_sec=28.966 loss_pre=3.2835 loss_post=3.0673 fpm_loss=0.006091 gate=0.1889 desired=0.2415 util=+0.000000
step=1200 elapsed_s=40.7 steps_per_sec=29.513 loss_pre=3.2646 loss_post=3.1007 fpm_loss=0.006393 gate=0.1896 desired=0.2416 util=+0.000000
step=1300 elapsed_s=43.3 steps_per_sec=29.991 loss_pre=3.5356 loss_post=3.2200 fpm_loss=0.006324 gate=0.1892 desired=0.2428 util=+0.000000
step=1400 elapsed_s=46.0 steps_per_sec=30.427 loss_pre=3.2395 loss_post=3.0812 fpm_loss=0.006498 gate=0.1895 desired=0.2430 util=+0.000000
step=1500 elapsed_s=48.7 steps_per_sec=30.806 loss_pre=3.0632 loss_post=2.9928 fpm_loss=0.006733 gate=0.1890 desired=0.2418 util=+0.000000
val step=1500 steps=872 loss_pre=3.2674 loss_train=3.2674 loss_post=3.2674 ppl_proxy=26.2437
  fpm: utility=+0.000000 replay_utility=+0.000000 retrieval_loss=0.006412 retrieval_sim=0.000000
  pipeline: projected=0.000 candidates=0.000 feed_entries=0.000 consolidated=0.000 accept_rate=0.000 cons_rate=0.000
  gate: mean=0.186508 learned_cap=0.199998 desired=0.198583 policy_reward=+0.000000
  signal: raw_op_rms=0.000000 op_rms=0.000000 gated_rms=0.000000 memory_rms=0.110651 target_cosine=+0.000000 useful_high_mse=0.000000
  functional: loss_gain=+0.000000 usefulness=0.000000 residual_rms=0.000000 target_rms=0.000000 target_cosine=+0.000000 bootstrap_active=0.000
  pre_deq: train_loss=3.267427 alpha_entity=-0.434746
step=1600 elapsed_s=55.6 steps_per_sec=28.782 loss_pre=2.8943 loss_post=2.6690 fpm_loss=0.006439 gate=0.1892 desired=0.2433 util=+0.000000
step=1700 elapsed_s=58.3 steps_per_sec=29.177 loss_pre=2.7848 loss_post=2.5843 fpm_loss=0.006421 gate=0.1891 desired=0.2441 util=+0.000000
step=1800 elapsed_s=60.9 steps_per_sec=29.539 loss_pre=2.9906 loss_post=2.8254 fpm_loss=0.006236 gate=0.1890 desired=0.2444 util=+0.000000
step=1900 elapsed_s=63.6 steps_per_sec=29.872 loss_pre=3.1179 loss_post=3.0076 fpm_loss=0.006496 gate=0.1894 desired=0.2438 util=+0.000000
step=2000 elapsed_s=66.3 steps_per_sec=30.177 loss_pre=3.4623 loss_post=3.2296 fpm_loss=0.006372 gate=0.1894 desired=0.2440 util=+0.000000
val step=2000 steps=872 loss_pre=3.1694 loss_train=3.1694 loss_post=3.1694 ppl_proxy=23.7925
  fpm: utility=+0.000000 replay_utility=+0.000000 retrieval_loss=0.006449 retrieval_sim=0.000000
  pipeline: projected=0.000 candidates=0.000 feed_entries=0.000 consolidated=0.000 accept_rate=0.000 cons_rate=0.000
  gate: mean=0.186506 learned_cap=0.199998 desired=0.198455 policy_reward=+0.000000
  signal: raw_op_rms=0.000000 op_rms=0.000000 gated_rms=0.000000 memory_rms=0.005337 target_cosine=+0.000000 useful_high_mse=0.000000
  functional: loss_gain=+0.000000 usefulness=0.000000 residual_rms=0.000000 target_rms=0.000000 target_cosine=+0.000000 bootstrap_active=0.000
  pre_deq: train_loss=3.169369 alpha_entity=-0.456156
step=2100 elapsed_s=73.2 steps_per_sec=28.697 loss_pre=3.0853 loss_post=2.9312 fpm_loss=0.006459 gate=0.1893 desired=0.2445 util=+0.000000
step=2200 elapsed_s=75.8 steps_per_sec=29.005 loss_pre=2.7892 loss_post=2.6126 fpm_loss=0.006457 gate=0.1892 desired=0.2445 util=+0.000000
step=2300 elapsed_s=78.5 steps_per_sec=29.296 loss_pre=3.6747 loss_post=2.9936 fpm_loss=0.006336 gate=0.1892 desired=0.2452 util=+0.000000
step=2400 elapsed_s=81.2 steps_per_sec=29.566 loss_pre=3.3340 loss_post=3.1365 fpm_loss=0.006745 gate=0.1893 desired=0.2446 util=+0.000000
step=2500 elapsed_s=83.9 steps_per_sec=29.802 loss_pre=2.9084 loss_post=2.7089 fpm_loss=0.006663 gate=0.1893 desired=0.2456 util=+0.000000
val step=2500 steps=872 loss_pre=3.0385 loss_train=3.0385 loss_post=3.0385 ppl_proxy=20.8745
  fpm: utility=+0.000000 replay_utility=+0.000000 retrieval_loss=0.006526 retrieval_sim=0.000000
  pipeline: projected=0.000 candidates=0.000 feed_entries=0.000 consolidated=0.000 accept_rate=0.000 cons_rate=0.000
  gate: mean=0.186511 learned_cap=0.199998 desired=0.198431 policy_reward=+0.000000
  signal: raw_op_rms=0.000000 op_rms=0.000000 gated_rms=0.000000 memory_rms=0.005176 target_cosine=+0.000000 useful_high_mse=0.000000
  functional: loss_gain=+0.000000 usefulness=0.000000 residual_rms=0.000000 target_rms=0.000000 target_cosine=+0.000000 bootstrap_active=0.000
  pre_deq: train_loss=3.038528 alpha_entity=-0.476412
step=2600 elapsed_s=91.0 steps_per_sec=28.566 loss_pre=3.3090 loss_post=3.0500 fpm_loss=0.006477 gate=0.1893 desired=0.2449 util=+0.000000
step=2700 elapsed_s=93.7 steps_per_sec=28.822 loss_pre=2.6852 loss_post=2.5141 fpm_loss=0.006459 gate=0.1894 desired=0.2452 util=+0.000000
step=2800 elapsed_s=96.3 steps_per_sec=29.063 loss_pre=2.9609 loss_post=2.7585 fpm_loss=0.006499 gate=0.1893 desired=0.2456 util=+0.000000
step=2900 elapsed_s=99.0 steps_per_sec=29.288 loss_pre=3.2306 loss_post=2.9655 fpm_loss=0.006598 gate=0.1893 desired=0.2453 util=+0.000000
step=3000 elapsed_s=101.7 steps_per_sec=29.499 loss_pre=2.8383 loss_post=2.6492 fpm_loss=0.006663 gate=0.1894 desired=0.2450 util=+0.000000
val step=3000 steps=872 loss_pre=2.9474 loss_train=2.9474 loss_post=2.9474 ppl_proxy=19.0570
  fpm: utility=+0.000000 replay_utility=+0.000000 retrieval_loss=0.006608 retrieval_sim=0.000000
  pipeline: projected=0.000 candidates=0.000 feed_entries=0.000 consolidated=0.000 accept_rate=0.000 cons_rate=0.000
  gate: mean=0.186511 learned_cap=0.199998 desired=0.198414 policy_reward=+0.000000
  signal: raw_op_rms=0.000000 op_rms=0.000000 gated_rms=0.000000 memory_rms=0.005250 target_cosine=+0.000000 useful_high_mse=0.000000
  functional: loss_gain=+0.000000 usefulness=0.000000 residual_rms=0.000000 target_rms=0.000000 target_cosine=+0.000000 bootstrap_active=0.000
  pre_deq: train_loss=2.947436 alpha_entity=-0.485757
step=3100 elapsed_s=108.6 steps_per_sec=28.535 loss_pre=2.7372 loss_post=2.5946 fpm_loss=0.006864 gate=0.1893 desired=0.2456 util=+0.000000
step=3200 elapsed_s=111.3 steps_per_sec=28.749 loss_pre=3.7070 loss_post=3.4653 fpm_loss=0.006791 gate=0.1893 desired=0.2446 util=+0.000000
step=3300 elapsed_s=114.0 steps_per_sec=28.954 loss_pre=3.5674 loss_post=3.3757 fpm_loss=0.006611 gate=0.1894 desired=0.2462 util=+0.000000
step=3400 elapsed_s=116.6 steps_per_sec=29.149 loss_pre=2.8796 loss_post=2.6957 fpm_loss=0.006582 gate=0.1894 desired=0.2456 util=+0.000000
step=3500 elapsed_s=119.3 steps_per_sec=29.336 loss_pre=2.9103 loss_post=2.7461 fpm_loss=0.006654 gate=0.1893 desired=0.2457 util=+0.000000
val step=3500 steps=872 loss_pre=2.8981 loss_train=2.8981 loss_post=2.8981 ppl_proxy=18.1392
  fpm: utility=+0.000000 replay_utility=+0.000000 retrieval_loss=0.006659 retrieval_sim=0.000000
  pipeline: projected=0.000 candidates=0.000 feed_entries=0.000 consolidated=0.000 accept_rate=0.000 cons_rate=0.000
  gate: mean=0.186513 learned_cap=0.199998 desired=0.198404 policy_reward=+0.000000
  signal: raw_op_rms=0.000000 op_rms=0.000000 gated_rms=0.000000 memory_rms=0.005264 target_cosine=+0.000000 useful_high_mse=0.000000
  functional: loss_gain=+0.000000 usefulness=0.000000 residual_rms=0.000000 target_rms=0.000000 target_cosine=+0.000000 bootstrap_active=0.000
  pre_deq: train_loss=2.898077 alpha_entity=-0.499574
step=3600 elapsed_s=126.2 steps_per_sec=28.525 loss_pre=2.8910 loss_post=2.7469 fpm_loss=0.006910 gate=0.1892 desired=0.2443 util=+0.000000
step=3700 elapsed_s=129.0 steps_per_sec=28.680 loss_pre=2.9751 loss_post=2.8535 fpm_loss=0.006597 gate=0.1894 desired=0.2461 util=+0.000000
step=3800 elapsed_s=131.8 steps_per_sec=28.839 loss_pre=3.3436 loss_post=3.1827 fpm_loss=0.006581 gate=0.1894 desired=0.2461 util=+0.000000
step=3900 elapsed_s=134.8 steps_per_sec=28.936 loss_pre=3.0740 loss_post=2.9125 fpm_loss=0.006725 gate=0.1894 desired=0.2457 util=+0.000000
step=4000 elapsed_s=137.7 steps_per_sec=29.058 loss_pre=2.5068 loss_post=2.3301 fpm_loss=0.006675 gate=0.1894 desired=0.2462 util=+0.000000
val step=4000 steps=872 loss_pre=2.8413 loss_train=2.8413 loss_post=2.8413 ppl_proxy=17.1379
  fpm: utility=+0.000000 replay_utility=+0.000000 retrieval_loss=0.006702 retrieval_sim=0.000000
  pipeline: projected=0.000 candidates=0.000 feed_entries=0.000 consolidated=0.000 accept_rate=0.000 cons_rate=0.000
  gate: mean=0.186514 learned_cap=0.199998 desired=0.198390 policy_reward=+0.000000
  signal: raw_op_rms=0.000000 op_rms=0.000000 gated_rms=0.000000 memory_rms=0.005150 target_cosine=+0.000000 useful_high_mse=0.000000
  functional: loss_gain=+0.000000 usefulness=0.000000 residual_rms=0.000000 target_rms=0.000000 target_cosine=+0.000000 bootstrap_active=0.000
  pre_deq: train_loss=2.841291 alpha_entity=-0.500000
step=4100 elapsed_s=145.0 steps_per_sec=28.272 loss_pre=2.5280 loss_post=2.3980 fpm_loss=0.006772 gate=0.1894 desired=0.2455 util=+0.000000
step=4200 elapsed_s=147.9 steps_per_sec=28.404 loss_pre=3.2484 loss_post=3.0529 fpm_loss=0.006545 gate=0.1893 desired=0.2456 util=+0.000000
step=4300 elapsed_s=150.7 steps_per_sec=28.532 loss_pre=3.0257 loss_post=2.8842 fpm_loss=0.006907 gate=0.1893 desired=0.2454 util=+0.000000
step=4400 elapsed_s=153.5 steps_per_sec=28.664 loss_pre=2.8238 loss_post=2.5847 fpm_loss=0.006281 gate=0.1893 desired=0.2461 util=+0.000000
step=4500 elapsed_s=156.3 steps_per_sec=28.787 loss_pre=2.4808 loss_post=2.3880 fpm_loss=0.006976 gate=0.1894 desired=0.2459 util=+0.000000
val step=4500 steps=872 loss_pre=2.8140 loss_train=2.8140 loss_post=2.8140 ppl_proxy=16.6760
  fpm: utility=+0.000000 replay_utility=+0.000000 retrieval_loss=0.006728 retrieval_sim=0.000000
  pipeline: projected=0.000 candidates=0.000 feed_entries=0.000 consolidated=0.000 accept_rate=0.000 cons_rate=0.000
  gate: mean=0.186514 learned_cap=0.199998 desired=0.198384 policy_reward=+0.000000
  signal: raw_op_rms=0.000000 op_rms=0.000000 gated_rms=0.000000 memory_rms=0.005159 target_cosine=+0.000000 useful_high_mse=0.000000
  functional: loss_gain=+0.000000 usefulness=0.000000 residual_rms=0.000000 target_rms=0.000000 target_cosine=+0.000000 bootstrap_active=0.000
  pre_deq: train_loss=2.813970 alpha_entity=-0.499634
step=4600 elapsed_s=163.8 steps_per_sec=28.087 loss_pre=2.9082 loss_post=2.7732 fpm_loss=0.006695 gate=0.1893 desired=0.2445 util=+0.000000
step=4700 elapsed_s=166.4 steps_per_sec=28.237 loss_pre=3.0545 loss_post=2.9673 fpm_loss=0.006707 gate=0.1895 desired=0.2462 util=+0.000000
step=4800 elapsed_s=169.1 steps_per_sec=28.383 loss_pre=2.8003 loss_post=2.5949 fpm_loss=0.006669 gate=0.1894 desired=0.2465 util=+0.000000
step=4900 elapsed_s=171.8 steps_per_sec=28.522 loss_pre=2.5824 loss_post=2.4266 fpm_loss=0.006866 gate=0.1893 desired=0.2456 util=+0.000000
step=5000 elapsed_s=174.5 steps_per_sec=28.658 loss_pre=2.6646 loss_post=2.5681 fpm_loss=0.007002 gate=0.1894 desired=0.2458 util=+0.000000
val step=5000 steps=872 loss_pre=2.8032 loss_train=2.8032 loss_post=2.8032 ppl_proxy=16.4981
  fpm: utility=+0.000000 replay_utility=+0.000000 retrieval_loss=0.006753 retrieval_sim=0.000000
  pipeline: projected=0.000 candidates=0.000 feed_entries=0.000 consolidated=0.000 accept_rate=0.000 cons_rate=0.000
  gate: mean=0.186514 learned_cap=0.199998 desired=0.198369 policy_reward=+0.000000
  signal: raw_op_rms=0.000000 op_rms=0.000000 gated_rms=0.000000 memory_rms=0.005156 target_cosine=+0.000000 useful_high_mse=0.000000
  functional: loss_gain=+0.000000 usefulness=0.000000 residual_rms=0.000000 target_rms=0.000000 target_cosine=+0.000000 bootstrap_active=0.000
  pre_deq: train_loss=2.803243 alpha_entity=-0.498716
step=5100 elapsed_s=181.4 steps_per_sec=28.117 loss_pre=2.7080 loss_post=2.5809 fpm_loss=0.006772 gate=0.1894 desired=0.2466 util=+0.000000
step=5200 elapsed_s=184.0 steps_per_sec=28.254 loss_pre=2.6501 loss_post=2.5457 fpm_loss=0.006533 gate=0.1893 desired=0.2463 util=+0.000000
step=5300 elapsed_s=186.7 steps_per_sec=28.387 loss_pre=2.7901 loss_post=2.5964 fpm_loss=0.006656 gate=0.1894 desired=0.2469 util=+0.000000
step=5400 elapsed_s=189.4 steps_per_sec=28.515 loss_pre=2.7402 loss_post=2.5514 fpm_loss=0.006719 gate=0.1893 desired=0.2467 util=+0.000000
step=5500 elapsed_s=192.1 steps_per_sec=28.636 loss_pre=2.7680 loss_post=2.6315 fpm_loss=0.006692 gate=0.1894 desired=0.2460 util=+0.000000
val step=5500 steps=872 loss_pre=2.7917 loss_train=2.7917 loss_post=2.7917 ppl_proxy=16.3086
  fpm: utility=+0.000000 replay_utility=+0.000000 retrieval_loss=0.006749 retrieval_sim=0.000000
  pipeline: projected=0.000 candidates=0.000 feed_entries=0.000 consolidated=0.000 accept_rate=0.000 cons_rate=0.000
  gate: mean=0.186516 learned_cap=0.199998 desired=0.198374 policy_reward=+0.000000
  signal: raw_op_rms=0.000000 op_rms=0.000000 gated_rms=0.000000 memory_rms=0.004294 target_cosine=+0.000000 useful_high_mse=0.000000
  functional: loss_gain=+0.000000 usefulness=0.000000 residual_rms=0.000000 target_rms=0.000000 target_cosine=+0.000000 bootstrap_active=0.000
  pre_deq: train_loss=2.791693 alpha_entity=-0.499724
step=5600 elapsed_s=199.0 steps_per_sec=28.140 loss_pre=3.1400 loss_post=3.0121 fpm_loss=0.006520 gate=0.1894 desired=0.2467 util=+0.000000
step=5700 elapsed_s=201.7 steps_per_sec=28.261 loss_pre=2.6684 loss_post=2.5451 fpm_loss=0.006973 gate=0.1894 desired=0.2459 util=+0.000000
step=5800 elapsed_s=204.4 steps_per_sec=28.376 loss_pre=2.6626 loss_post=2.5317 fpm_loss=0.006410 gate=0.1894 desired=0.2464 util=+0.000000
step=5900 elapsed_s=207.1 steps_per_sec=28.490 loss_pre=2.6675 loss_post=2.4592 fpm_loss=0.006880 gate=0.1894 desired=0.2465 util=+0.000000
step=6000 elapsed_s=209.8 steps_per_sec=28.604 loss_pre=2.7130 loss_post=2.5997 fpm_loss=0.006862 gate=0.1893 desired=0.2453 util=+0.000000
val step=6000 steps=872 loss_pre=2.7642 loss_train=2.7642 loss_post=2.7642 ppl_proxy=15.8667
  fpm: utility=+0.000000 replay_utility=+0.000000 retrieval_loss=0.006763 retrieval_sim=0.000000
  pipeline: projected=0.000 candidates=0.000 feed_entries=0.000 consolidated=0.000 accept_rate=0.000 cons_rate=0.000
  gate: mean=0.186516 learned_cap=0.199998 desired=0.198360 policy_reward=+0.000000
  signal: raw_op_rms=0.000000 op_rms=0.000000 gated_rms=0.000000 memory_rms=0.004248 target_cosine=+0.000000 useful_high_mse=0.000000
  functional: loss_gain=+0.000000 usefulness=0.000000 residual_rms=0.000000 target_rms=0.000000 target_cosine=+0.000000 bootstrap_active=0.000
  pre_deq: train_loss=2.764220 alpha_entity=-0.499641
step=6100 elapsed_s=216.7 steps_per_sec=28.149 loss_pre=2.6932 loss_post=2.5126 fpm_loss=0.006907 gate=0.1894 desired=0.2460 util=+0.000000
step=6200 elapsed_s=219.4 steps_per_sec=28.261 loss_pre=3.0437 loss_post=2.9217 fpm_loss=0.007183 gate=0.1893 desired=0.2462 util=+0.000000
step=6300 elapsed_s=222.1 steps_per_sec=28.370 loss_pre=2.8579 loss_post=2.7487 fpm_loss=0.007043 gate=0.1894 desired=0.2456 util=+0.000000
step=6400 elapsed_s=224.8 steps_per_sec=28.476 loss_pre=3.1294 loss_post=2.9657 fpm_loss=0.006712 gate=0.1894 desired=0.2463 util=+0.000000
step=6500 elapsed_s=227.4 steps_per_sec=28.580 loss_pre=2.3539 loss_post=2.1673 fpm_loss=0.006610 gate=0.1894 desired=0.2467 util=+0.000000
val step=6500 steps=872 loss_pre=2.7447 loss_train=2.7447 loss_post=2.7447 ppl_proxy=15.5596
  fpm: utility=+0.000000 replay_utility=+0.000000 retrieval_loss=0.006762 retrieval_sim=0.000000
  pipeline: projected=0.000 candidates=0.000 feed_entries=0.000 consolidated=0.000 accept_rate=0.000 cons_rate=0.000
  gate: mean=0.186515 learned_cap=0.199998 desired=0.198351 policy_reward=+0.000000
  signal: raw_op_rms=0.000000 op_rms=0.000000 gated_rms=0.000000 memory_rms=0.005108 target_cosine=+0.000000 useful_high_mse=0.000000
  functional: loss_gain=+0.000000 usefulness=0.000000 residual_rms=0.000000 target_rms=0.000000 target_cosine=+0.000000 bootstrap_active=0.000
  pre_deq: train_loss=2.744675 alpha_entity=-0.499878
step=6600 elapsed_s=234.4 steps_per_sec=28.156 loss_pre=3.3003 loss_post=3.0134 fpm_loss=0.006751 gate=0.1894 desired=0.2468 util=+0.000000
step=6700 elapsed_s=237.1 steps_per_sec=28.260 loss_pre=3.0680 loss_post=2.7567 fpm_loss=0.006762 gate=0.1894 desired=0.2466 util=+0.000000
step=6800 elapsed_s=239.8 steps_per_sec=28.361 loss_pre=2.8180 loss_post=2.6338 fpm_loss=0.007008 gate=0.1893 desired=0.2455 util=+0.000000
step=6900 elapsed_s=242.4 steps_per_sec=28.460 loss_pre=2.6298 loss_post=2.5240 fpm_loss=0.006763 gate=0.1894 desired=0.2465 util=+0.000000
step=7000 elapsed_s=245.1 steps_per_sec=28.557 loss_pre=2.3881 loss_post=2.3049 fpm_loss=0.007158 gate=0.1894 desired=0.2455 util=+0.000000
val step=7000 steps=872 loss_pre=2.7469 loss_train=2.7469 loss_post=2.7469 ppl_proxy=15.5941
  fpm: utility=+0.000000 replay_utility=+0.000000 retrieval_loss=0.006742 retrieval_sim=0.000000
  pipeline: projected=0.000 candidates=0.000 feed_entries=0.000 consolidated=0.000 accept_rate=0.000 cons_rate=0.000
  gate: mean=0.186516 learned_cap=0.199998 desired=0.198351 policy_reward=+0.000000
  signal: raw_op_rms=0.000000 op_rms=0.000000 gated_rms=0.000000 memory_rms=0.004783 target_cosine=+0.000000 useful_high_mse=0.000000
  functional: loss_gain=+0.000000 usefulness=0.000000 residual_rms=0.000000 target_rms=0.000000 target_cosine=+0.000000 bootstrap_active=0.000
  pre_deq: train_loss=2.746891 alpha_entity=-0.499490
step=7100 elapsed_s=252.1 steps_per_sec=28.168 loss_pre=2.7121 loss_post=2.5298 fpm_loss=0.006199 gate=0.1894 desired=0.2470 util=+0.000000
step=7200 elapsed_s=254.7 steps_per_sec=28.263 loss_pre=2.7997 loss_post=2.6730 fpm_loss=0.007071 gate=0.1894 desired=0.2471 util=+0.000000
step=7300 elapsed_s=257.4 steps_per_sec=28.358 loss_pre=2.5741 loss_post=2.3413 fpm_loss=0.007039 gate=0.1894 desired=0.2461 util=+0.000000
step=7400 elapsed_s=260.1 steps_per_sec=28.451 loss_pre=2.7834 loss_post=2.6477 fpm_loss=0.006596 gate=0.1894 desired=0.2472 util=+0.000000
step=7500 elapsed_s=262.8 steps_per_sec=28.541 loss_pre=2.6034 loss_post=2.4275 fpm_loss=0.006437 gate=0.1894 desired=0.2465 util=+0.000000
val step=7500 steps=872 loss_pre=2.7042 loss_train=2.7042 loss_post=2.7042 ppl_proxy=14.9426
  fpm: utility=+0.000000 replay_utility=+0.000000 retrieval_loss=0.006728 retrieval_sim=0.000000
  pipeline: projected=0.000 candidates=0.000 feed_entries=0.000 consolidated=0.000 accept_rate=0.000 cons_rate=0.000
  gate: mean=0.186516 learned_cap=0.199998 desired=0.198360 policy_reward=+0.000000
  signal: raw_op_rms=0.000000 op_rms=0.000000 gated_rms=0.000000 memory_rms=0.005069 target_cosine=+0.000000 useful_high_mse=0.000000
  functional: loss_gain=+0.000000 usefulness=0.000000 residual_rms=0.000000 target_rms=0.000000 target_cosine=+0.000000 bootstrap_active=0.000
  pre_deq: train_loss=2.704219 alpha_entity=-0.480466
step=7600 elapsed_s=269.9 steps_per_sec=28.154 loss_pre=2.3007 loss_post=2.1853 fpm_loss=0.006998 gate=0.1894 desired=0.2450 util=+0.000000
step=7700 elapsed_s=272.6 steps_per_sec=28.244 loss_pre=2.5128 loss_post=2.4103 fpm_loss=0.006734 gate=0.1894 desired=0.2472 util=+0.000000
step=7800 elapsed_s=275.3 steps_per_sec=28.334 loss_pre=2.7287 loss_post=2.3769 fpm_loss=0.006905 gate=0.1894 desired=0.2472 util=+0.000000
step=7900 elapsed_s=277.9 steps_per_sec=28.423 loss_pre=2.6066 loss_post=2.4209 fpm_loss=0.006467 gate=0.1894 desired=0.2464 util=+0.000000
step=8000 elapsed_s=280.6 steps_per_sec=28.510 loss_pre=2.5892 loss_post=2.4707 fpm_loss=0.007011 gate=0.1894 desired=0.2462 util=+0.000000
val step=8000 steps=872 loss_pre=2.7042 loss_train=2.7042 loss_post=2.7042 ppl_proxy=14.9422
  fpm: utility=+0.000000 replay_utility=+0.000000 retrieval_loss=0.006691 retrieval_sim=0.000000
  pipeline: projected=0.000 candidates=0.000 feed_entries=0.000 consolidated=0.000 accept_rate=0.000 cons_rate=0.000
  gate: mean=0.186517 learned_cap=0.199998 desired=0.198353 policy_reward=+0.000000
  signal: raw_op_rms=0.000000 op_rms=0.000000 gated_rms=0.000000 memory_rms=0.003967 target_cosine=+0.000000 useful_high_mse=0.000000
  functional: loss_gain=+0.000000 usefulness=0.000000 residual_rms=0.000000 target_rms=0.000000 target_cosine=+0.000000 bootstrap_active=0.000
  pre_deq: train_loss=2.704192 alpha_entity=-0.489472
step=8100 elapsed_s=287.7 steps_per_sec=28.152 loss_pre=2.4002 loss_post=2.2511 fpm_loss=0.006327 gate=0.1894 desired=0.2472 util=+0.000000
step=8200 elapsed_s=290.4 steps_per_sec=28.237 loss_pre=2.3252 loss_post=2.2091 fpm_loss=0.006795 gate=0.1894 desired=0.2472 util=+0.000000
step=8300 elapsed_s=293.1 steps_per_sec=28.319 loss_pre=2.6246 loss_post=2.5087 fpm_loss=0.006831 gate=0.1894 desired=0.2462 util=+0.000000
step=8400 elapsed_s=295.8 steps_per_sec=28.402 loss_pre=2.8268 loss_post=2.6671 fpm_loss=0.006717 gate=0.1894 desired=0.2463 util=+0.000000
step=8500 elapsed_s=298.4 steps_per_sec=28.483 loss_pre=2.6371 loss_post=2.5394 fpm_loss=0.006622 gate=0.1894 desired=0.2466 util=+0.000000
val step=8500 steps=872 loss_pre=2.7087 loss_train=2.7087 loss_post=2.7087 ppl_proxy=15.0096
  fpm: utility=+0.000000 replay_utility=+0.000000 retrieval_loss=0.006679 retrieval_sim=0.000000
  pipeline: projected=0.000 candidates=0.000 feed_entries=0.000 consolidated=0.000 accept_rate=0.000 cons_rate=0.000
  gate: mean=0.186517 learned_cap=0.199998 desired=0.198349 policy_reward=+0.000000
  signal: raw_op_rms=0.000000 op_rms=0.000000 gated_rms=0.000000 memory_rms=0.004611 target_cosine=+0.000000 useful_high_mse=0.000000
  functional: loss_gain=+0.000000 usefulness=0.000000 residual_rms=0.000000 target_rms=0.000000 target_cosine=+0.000000 bootstrap_active=0.000
  pre_deq: train_loss=2.708688 alpha_entity=-0.499819
step=8600 elapsed_s=305.3 steps_per_sec=28.166 loss_pre=2.8342 loss_post=2.7058 fpm_loss=0.006736 gate=0.1894 desired=0.2464 util=+0.000000
step=8700 elapsed_s=308.0 steps_per_sec=28.247 loss_pre=2.9549 loss_post=2.8261 fpm_loss=0.006931 gate=0.1894 desired=0.2466 util=+0.000000
step=8800 elapsed_s=310.8 steps_per_sec=28.310 loss_pre=2.7973 loss_post=2.6579 fpm_loss=0.006040 gate=0.1894 desired=0.2471 util=+0.000000
step=8900 elapsed_s=313.5 steps_per_sec=28.387 loss_pre=2.7186 loss_post=2.6064 fpm_loss=0.006791 gate=0.1894 desired=0.2472 util=+0.000000
step=9000 elapsed_s=316.2 steps_per_sec=28.464 loss_pre=2.6299 loss_post=2.4719 fpm_loss=0.006363 gate=0.1894 desired=0.2468 util=+0.000000
val step=9000 steps=872 loss_pre=2.6930 loss_train=2.6930 loss_post=2.6930 ppl_proxy=14.7755
  fpm: utility=+0.000000 replay_utility=+0.000000 retrieval_loss=0.006668 retrieval_sim=0.000000
  pipeline: projected=0.000 candidates=0.000 feed_entries=0.000 consolidated=0.000 accept_rate=0.000 cons_rate=0.000
  gate: mean=0.186517 learned_cap=0.199998 desired=0.198339 policy_reward=+0.000000
  signal: raw_op_rms=0.000000 op_rms=0.000000 gated_rms=0.000000 memory_rms=0.004694 target_cosine=+0.000000 useful_high_mse=0.000000
  functional: loss_gain=+0.000000 usefulness=0.000000 residual_rms=0.000000 target_rms=0.000000 target_cosine=+0.000000 bootstrap_active=0.000
  pre_deq: train_loss=2.692971 alpha_entity=-0.497314
step=9100 elapsed_s=323.2 steps_per_sec=28.156 loss_pre=2.5008 loss_post=2.4269 fpm_loss=0.007214 gate=0.1894 desired=0.2459 util=+0.000000
step=9200 elapsed_s=325.9 steps_per_sec=28.232 loss_pre=2.7543 loss_post=2.6340 fpm_loss=0.006137 gate=0.1894 desired=0.2474 util=+0.000000
step=9300 elapsed_s=328.6 steps_per_sec=28.305 loss_pre=2.6281 loss_post=2.4871 fpm_loss=0.006866 gate=0.1894 desired=0.2473 util=+0.000000
step=9400 elapsed_s=331.2 steps_per_sec=28.379 loss_pre=2.3142 loss_post=2.0631 fpm_loss=0.006399 gate=0.1894 desired=0.2472 util=+0.000000
step=9500 elapsed_s=333.9 steps_per_sec=28.451 loss_pre=2.3935 loss_post=2.2218 fpm_loss=0.006651 gate=0.1894 desired=0.2467 util=+0.000000
val step=9500 steps=872 loss_pre=2.6837 loss_train=2.6837 loss_post=2.6837 ppl_proxy=14.6390
  fpm: utility=+0.000000 replay_utility=+0.000000 retrieval_loss=0.006651 retrieval_sim=0.000000
  pipeline: projected=0.000 candidates=0.000 feed_entries=0.000 consolidated=0.000 accept_rate=0.000 cons_rate=0.000
  gate: mean=0.186517 learned_cap=0.199998 desired=0.198340 policy_reward=+0.000000
  signal: raw_op_rms=0.000000 op_rms=0.000000 gated_rms=0.000000 memory_rms=0.004565 target_cosine=+0.000000 useful_high_mse=0.000000
  functional: loss_gain=+0.000000 usefulness=0.000000 residual_rms=0.000000 target_rms=0.000000 target_cosine=+0.000000 bootstrap_active=0.000
  pre_deq: train_loss=2.683691 alpha_entity=-0.500000
step=9600 elapsed_s=340.9 steps_per_sec=28.162 loss_pre=2.4800 loss_post=2.3213 fpm_loss=0.006751 gate=0.1894 desired=0.2464 util=+0.000000
step=9700 elapsed_s=343.6 steps_per_sec=28.227 loss_pre=2.3064 loss_post=2.1884 fpm_loss=0.006136 gate=0.1894 desired=0.2472 util=+0.000000
step=9800 elapsed_s=346.3 steps_per_sec=28.297 loss_pre=2.3736 loss_post=2.2824 fpm_loss=0.006496 gate=0.1895 desired=0.2468 util=+0.000000
step=9900 elapsed_s=349.0 steps_per_sec=28.366 loss_pre=2.6489 loss_post=2.4426 fpm_loss=0.006577 gate=0.1894 desired=0.2473 util=+0.000000
step=10000 elapsed_s=351.7 steps_per_sec=28.435 loss_pre=2.6235 loss_post=2.4841 fpm_loss=0.006644 gate=0.1894 desired=0.2462 util=+0.000000
val step=10000 steps=872 loss_pre=2.6869 loss_train=2.6869 loss_post=2.6869 ppl_proxy=14.6855
  fpm: utility=+0.000000 replay_utility=+0.000000 retrieval_loss=0.006638 retrieval_sim=0.000000
  pipeline: projected=0.000 candidates=0.000 feed_entries=0.000 consolidated=0.000 accept_rate=0.000 cons_rate=0.000
  gate: mean=0.186516 learned_cap=0.199998 desired=0.198340 policy_reward=+0.000000
  signal: raw_op_rms=0.000000 op_rms=0.000000 gated_rms=0.000000 memory_rms=0.004570 target_cosine=+0.000000 useful_high_mse=0.000000
  functional: loss_gain=+0.000000 usefulness=0.000000 residual_rms=0.000000 target_rms=0.000000 target_cosine=+0.000000 bootstrap_active=0.000
  pre_deq: train_loss=2.686863 alpha_entity=-0.499574
step=10100 elapsed_s=358.6 steps_per_sec=28.164 loss_pre=2.3479 loss_post=2.1925 fpm_loss=0.006801 gate=0.1894 desired=0.2459 util=+0.000000
step=10200 elapsed_s=361.3 steps_per_sec=28.232 loss_pre=2.6063 loss_post=2.3578 fpm_loss=0.006665 gate=0.1894 desired=0.2467 util=+0.000000
step=10300 elapsed_s=364.0 steps_per_sec=28.299 loss_pre=2.6204 loss_post=2.4734 fpm_loss=0.006318 gate=0.1894 desired=0.2475 util=+0.000000
step=10400 elapsed_s=366.6 steps_per_sec=28.365 loss_pre=2.6864 loss_post=2.5749 fpm_loss=0.006661 gate=0.1895 desired=0.2472 util=+0.000000
step=10500 elapsed_s=369.3 steps_per_sec=28.430 loss_pre=2.3897 loss_post=2.2303 fpm_loss=0.006355 gate=0.1894 desired=0.2469 util=+0.000000
val step=10500 steps=872 loss_pre=2.6818 loss_train=2.6818 loss_post=2.6818 ppl_proxy=14.6118
  fpm: utility=+0.000000 replay_utility=+0.000000 retrieval_loss=0.006620 retrieval_sim=0.000000
  pipeline: projected=0.000 candidates=0.000 feed_entries=0.000 consolidated=0.000 accept_rate=0.000 cons_rate=0.000
  gate: mean=0.186517 learned_cap=0.199998 desired=0.198335 policy_reward=+0.000000
  signal: raw_op_rms=0.000000 op_rms=0.000000 gated_rms=0.000000 memory_rms=0.004937 target_cosine=+0.000000 useful_high_mse=0.000000
  functional: loss_gain=+0.000000 usefulness=0.000000 residual_rms=0.000000 target_rms=0.000000 target_cosine=+0.000000 bootstrap_active=0.000
  pre_deq: train_loss=2.681832 alpha_entity=-0.496421
step=10600 elapsed_s=376.3 steps_per_sec=28.172 loss_pre=2.6528 loss_post=2.5139 fpm_loss=0.006413 gate=0.1894 desired=0.2464 util=+0.000000
step=10700 elapsed_s=378.9 steps_per_sec=28.237 loss_pre=2.4607 loss_post=2.2902 fpm_loss=0.007184 gate=0.1894 desired=0.2454 util=+0.000000
step=10800 elapsed_s=381.6 steps_per_sec=28.301 loss_pre=2.2052 loss_post=2.0542 fpm_loss=0.006257 gate=0.1894 desired=0.2474 util=+0.000000
step=10900 elapsed_s=384.4 steps_per_sec=28.356 loss_pre=2.3766 loss_post=2.2735 fpm_loss=0.006070 gate=0.1894 desired=0.2465 util=+0.000000
step=11000 elapsed_s=387.1 steps_per_sec=28.416 loss_pre=2.6458 loss_post=2.5129 fpm_loss=0.006650 gate=0.1894 desired=0.2473 util=+0.000000
val step=11000 steps=872 loss_pre=2.6714 loss_train=2.6714 loss_post=2.6714 ppl_proxy=14.4608
  fpm: utility=+0.000000 replay_utility=+0.000000 retrieval_loss=0.006585 retrieval_sim=0.000000
  pipeline: projected=0.000 candidates=0.000 feed_entries=0.000 consolidated=0.000 accept_rate=0.000 cons_rate=0.000
  gate: mean=0.186518 learned_cap=0.199998 desired=0.198330 policy_reward=+0.000000
  signal: raw_op_rms=0.000000 op_rms=0.000000 gated_rms=0.000000 memory_rms=0.004833 target_cosine=+0.000000 useful_high_mse=0.000000
  functional: loss_gain=+0.000000 usefulness=0.000000 residual_rms=0.000000 target_rms=0.000000 target_cosine=+0.000000 bootstrap_active=0.000
  pre_deq: train_loss=2.671443 alpha_entity=-0.497957
step=11100 elapsed_s=394.0 steps_per_sec=28.171 loss_pre=2.6232 loss_post=2.5313 fpm_loss=0.006380 gate=0.1894 desired=0.2472 util=+0.000000
step=11200 elapsed_s=396.7 steps_per_sec=28.233 loss_pre=2.8109 loss_post=2.6522 fpm_loss=0.006505 gate=0.1894 desired=0.2465 util=+0.000000
step=11300 elapsed_s=399.4 steps_per_sec=28.294 loss_pre=2.3427 loss_post=2.2910 fpm_loss=0.006402 gate=0.1894 desired=0.2469 util=+0.000000
step=11400 elapsed_s=402.0 steps_per_sec=28.355 loss_pre=2.6757 loss_post=2.4833 fpm_loss=0.006713 gate=0.1894 desired=0.2468 util=+0.000000
step=11500 elapsed_s=404.7 steps_per_sec=28.413 loss_pre=2.7098 loss_post=2.5571 fpm_loss=0.006787 gate=0.1894 desired=0.2466 util=+0.000000
val step=11500 steps=872 loss_pre=2.6492 loss_train=2.6492 loss_post=2.6492 ppl_proxy=14.1433
  fpm: utility=+0.000000 replay_utility=+0.000000 retrieval_loss=0.006535 retrieval_sim=0.000000
  pipeline: projected=0.000 candidates=0.000 feed_entries=0.000 consolidated=0.000 accept_rate=0.000 cons_rate=0.000
  gate: mean=0.186518 learned_cap=0.199998 desired=0.198340 policy_reward=+0.000000
  signal: raw_op_rms=0.000000 op_rms=0.000000 gated_rms=0.000000 memory_rms=0.004418 target_cosine=+0.000000 useful_high_mse=0.000000
  functional: loss_gain=+0.000000 usefulness=0.000000 residual_rms=0.000000 target_rms=0.000000 target_cosine=+0.000000 bootstrap_active=0.000
  pre_deq: train_loss=2.649242 alpha_entity=-0.500000
step=11600 elapsed_s=411.7 steps_per_sec=28.178 loss_pre=2.5408 loss_post=2.4585 fpm_loss=0.006735 gate=0.1894 desired=0.2468 util=+0.000000
step=11700 elapsed_s=414.4 steps_per_sec=28.237 loss_pre=2.5897 loss_post=2.4596 fpm_loss=0.005750 gate=0.1894 desired=0.2472 util=+0.000000
step=11800 elapsed_s=417.0 steps_per_sec=28.295 loss_pre=2.6129 loss_post=2.4839 fpm_loss=0.006509 gate=0.1894 desired=0.2472 util=+0.000000
step=11900 elapsed_s=419.7 steps_per_sec=28.353 loss_pre=2.6658 loss_post=2.5602 fpm_loss=0.006325 gate=0.1894 desired=0.2474 util=+0.000000
step=12000 elapsed_s=422.4 steps_per_sec=28.411 loss_pre=2.4661 loss_post=2.3377 fpm_loss=0.006444 gate=0.1894 desired=0.2472 util=+0.000000
val step=12000 steps=872 loss_pre=2.6427 loss_train=2.6427 loss_post=2.6427 ppl_proxy=14.0516
  fpm: utility=+0.000000 replay_utility=+0.000000 retrieval_loss=0.006498 retrieval_sim=0.000000
  pipeline: projected=0.000 candidates=0.000 feed_entries=0.000 consolidated=0.000 accept_rate=0.000 cons_rate=0.000
  gate: mean=0.186518 learned_cap=0.199998 desired=0.198343 policy_reward=+0.000000
  signal: raw_op_rms=0.000000 op_rms=0.000000 gated_rms=0.000000 memory_rms=0.004225 target_cosine=+0.000000 useful_high_mse=0.000000
  functional: loss_gain=+0.000000 usefulness=0.000000 residual_rms=0.000000 target_rms=0.000000 target_cosine=+0.000000 bootstrap_active=0.000
  pre_deq: train_loss=2.642737 alpha_entity=-0.497160
step=12100 elapsed_s=429.3 steps_per_sec=28.187 loss_pre=2.5687 loss_post=2.4912 fpm_loss=0.006443 gate=0.1894 desired=0.2469 util=+0.000000
step=12200 elapsed_s=432.1 steps_per_sec=28.236 loss_pre=2.8484 loss_post=2.7904 fpm_loss=0.006862 gate=0.1895 desired=0.2473 util=+0.000000
step=12300 elapsed_s=434.8 steps_per_sec=28.290 loss_pre=2.7224 loss_post=2.6172 fpm_loss=0.006702 gate=0.1895 desired=0.2473 util=+0.000000
step=12400 elapsed_s=437.4 steps_per_sec=28.347 loss_pre=2.8642 loss_post=2.7473 fpm_loss=0.006350 gate=0.1894 desired=0.2474 util=+0.000000
step=12500 elapsed_s=440.1 steps_per_sec=28.403 loss_pre=2.4827 loss_post=2.3959 fpm_loss=0.006552 gate=0.1894 desired=0.2474 util=+0.000000
val step=12500 steps=872 loss_pre=2.6267 loss_train=2.6267 loss_post=2.6267 ppl_proxy=13.8282
  fpm: utility=+0.000000 replay_utility=+0.000000 retrieval_loss=0.006436 retrieval_sim=0.000000
  pipeline: projected=0.000 candidates=0.000 feed_entries=0.000 consolidated=0.000 accept_rate=0.000 cons_rate=0.000
  gate: mean=0.186518 learned_cap=0.199998 desired=0.198339 policy_reward=+0.000000
  signal: raw_op_rms=0.000000 op_rms=0.000000 gated_rms=0.000000 memory_rms=0.004375 target_cosine=+0.000000 useful_high_mse=0.000000
  functional: loss_gain=+0.000000 usefulness=0.000000 residual_rms=0.000000 target_rms=0.000000 target_cosine=+0.000000 bootstrap_active=0.000
  pre_deq: train_loss=2.626711 alpha_entity=-0.499978
step=12600 elapsed_s=447.0 steps_per_sec=28.189 loss_pre=2.4770 loss_post=2.3226 fpm_loss=0.006411 gate=0.1894 desired=0.2473 util=+0.000000
step=12700 elapsed_s=449.9 steps_per_sec=28.232 loss_pre=2.5329 loss_post=2.3993 fpm_loss=0.006179 gate=0.1894 desired=0.2470 util=+0.000000
step=12800 elapsed_s=452.5 steps_per_sec=28.287 loss_pre=2.4780 loss_post=2.3214 fpm_loss=0.006252 gate=0.1894 desired=0.2468 util=+0.000000
step=12900 elapsed_s=455.2 steps_per_sec=28.340 loss_pre=2.6026 loss_post=2.4412 fpm_loss=0.006497 gate=0.1894 desired=0.2471 util=+0.000000
step=13000 elapsed_s=457.9 steps_per_sec=28.393 loss_pre=2.4579 loss_post=2.3278 fpm_loss=0.006178 gate=0.1894 desired=0.2468 util=+0.000000
val step=13000 steps=872 loss_pre=2.6314 loss_train=2.6314 loss_post=2.6314 ppl_proxy=13.8936
  fpm: utility=+0.000000 replay_utility=+0.000000 retrieval_loss=0.006379 retrieval_sim=0.000000
  pipeline: projected=0.000 candidates=0.000 feed_entries=0.000 consolidated=0.000 accept_rate=0.000 cons_rate=0.000
  gate: mean=0.186518 learned_cap=0.199998 desired=0.198345 policy_reward=+0.000000
  signal: raw_op_rms=0.000000 op_rms=0.000000 gated_rms=0.000000 memory_rms=0.003826 target_cosine=+0.000000 useful_high_mse=0.000000
  functional: loss_gain=+0.000000 usefulness=0.000000 residual_rms=0.000000 target_rms=0.000000 target_cosine=+0.000000 bootstrap_active=0.000
  pre_deq: train_loss=2.631430 alpha_entity=-0.499978
step=13100 elapsed_s=464.7 steps_per_sec=28.187 loss_pre=2.6120 loss_post=2.5089 fpm_loss=0.006309 gate=0.1894 desired=0.2461 util=+0.000000
step=13200 elapsed_s=467.4 steps_per_sec=28.240 loss_pre=2.4635 loss_post=2.3354 fpm_loss=0.006312 gate=0.1894 desired=0.2469 util=+0.000000
step=13300 elapsed_s=470.1 steps_per_sec=28.292 loss_pre=2.4737 loss_post=2.3473 fpm_loss=0.006795 gate=0.1894 desired=0.2464 util=+0.000000
step=13400 elapsed_s=472.7 steps_per_sec=28.345 loss_pre=2.3374 loss_post=2.2449 fpm_loss=0.006515 gate=0.1894 desired=0.2468 util=+0.000000
step=13500 elapsed_s=475.4 steps_per_sec=28.397 loss_pre=2.5580 loss_post=2.4466 fpm_loss=0.006772 gate=0.1894 desired=0.2465 util=+0.000000
val step=13500 steps=872 loss_pre=2.6169 loss_train=2.6169 loss_post=2.6169 ppl_proxy=13.6938
  fpm: utility=+0.000000 replay_utility=+0.000000 retrieval_loss=0.006337 retrieval_sim=0.000000
  pipeline: projected=0.000 candidates=0.000 feed_entries=0.000 consolidated=0.000 accept_rate=0.000 cons_rate=0.000
  gate: mean=0.186518 learned_cap=0.199998 desired=0.198356 policy_reward=+0.000000
  signal: raw_op_rms=0.000000 op_rms=0.000000 gated_rms=0.000000 memory_rms=0.003514 target_cosine=+0.000000 useful_high_mse=0.000000
  functional: loss_gain=+0.000000 usefulness=0.000000 residual_rms=0.000000 target_rms=0.000000 target_cosine=+0.000000 bootstrap_active=0.000
  pre_deq: train_loss=2.616940 alpha_entity=-0.498636
step=13600 elapsed_s=482.3 steps_per_sec=28.199 loss_pre=2.6222 loss_post=2.5384 fpm_loss=0.006519 gate=0.1894 desired=0.2468 util=+0.000000
step=13700 elapsed_s=484.9 steps_per_sec=28.250 loss_pre=2.8119 loss_post=2.6853 fpm_loss=0.007291 gate=0.1894 desired=0.2454 util=+0.000000
step=13800 elapsed_s=487.6 steps_per_sec=28.302 loss_pre=2.5404 loss_post=2.4379 fpm_loss=0.006426 gate=0.1894 desired=0.2469 util=+0.000000
step=13900 elapsed_s=490.5 steps_per_sec=28.340 loss_pre=2.2898 loss_post=2.1898 fpm_loss=0.006192 gate=0.1894 desired=0.2453 util=+0.000000
step=14000 elapsed_s=493.1 steps_per_sec=28.391 loss_pre=2.4518 loss_post=2.3169 fpm_loss=0.006550 gate=0.1894 desired=0.2466 util=+0.000000
val step=14000 steps=872 loss_pre=2.6006 loss_train=2.6006 loss_post=2.6006 ppl_proxy=13.4723
  fpm: utility=+0.000000 replay_utility=+0.000000 retrieval_loss=0.006315 retrieval_sim=0.000000
  pipeline: projected=0.000 candidates=0.000 feed_entries=0.000 consolidated=0.000 accept_rate=0.000 cons_rate=0.000
  gate: mean=0.186518 learned_cap=0.199998 desired=0.198347 policy_reward=+0.000000
  signal: raw_op_rms=0.000000 op_rms=0.000000 gated_rms=0.000000 memory_rms=0.003582 target_cosine=+0.000000 useful_high_mse=0.000000
  functional: loss_gain=+0.000000 usefulness=0.000000 residual_rms=0.000000 target_rms=0.000000 target_cosine=+0.000000 bootstrap_active=0.000
  pre_deq: train_loss=2.600634 alpha_entity=-0.498040
step=14100 elapsed_s=500.1 steps_per_sec=28.194 loss_pre=2.3646 loss_post=2.2425 fpm_loss=0.006601 gate=0.1894 desired=0.2470 util=+0.000000
step=14200 elapsed_s=502.8 steps_per_sec=28.244 loss_pre=2.3275 loss_post=2.2078 fpm_loss=0.006190 gate=0.1894 desired=0.2473 util=+0.000000
step=14300 elapsed_s=505.4 steps_per_sec=28.294 loss_pre=2.7187 loss_post=2.6404 fpm_loss=0.006277 gate=0.1894 desired=0.2474 util=+0.000000
step=14400 elapsed_s=508.1 steps_per_sec=28.342 loss_pre=2.5685 loss_post=2.4292 fpm_loss=0.006364 gate=0.1894 desired=0.2468 util=+0.000000
step=14500 elapsed_s=510.7 steps_per_sec=28.391 loss_pre=2.5753 loss_post=2.4412 fpm_loss=0.006663 gate=0.1894 desired=0.2468 util=+0.000000
val step=14500 steps=872 loss_pre=2.5902 loss_train=2.5902 loss_post=2.5902 ppl_proxy=13.3326
  fpm: utility=+0.000000 replay_utility=+0.000000 retrieval_loss=0.006273 retrieval_sim=0.000000
  pipeline: projected=0.000 candidates=0.000 feed_entries=0.000 consolidated=0.000 accept_rate=0.000 cons_rate=0.000
  gate: mean=0.186518 learned_cap=0.199998 desired=0.198355 policy_reward=+0.000000
  signal: raw_op_rms=0.000000 op_rms=0.000000 gated_rms=0.000000 memory_rms=0.004025 target_cosine=+0.000000 useful_high_mse=0.000000
  functional: loss_gain=+0.000000 usefulness=0.000000 residual_rms=0.000000 target_rms=0.000000 target_cosine=+0.000000 bootstrap_active=0.000
  pre_deq: train_loss=2.590214 alpha_entity=-0.499948
step=14600 elapsed_s=517.6 steps_per_sec=28.206 loss_pre=2.5220 loss_post=2.2969 fpm_loss=0.006537 gate=0.1894 desired=0.2473 util=+0.000000
step=14700 elapsed_s=520.3 steps_per_sec=28.255 loss_pre=2.2163 loss_post=2.1036 fpm_loss=0.006380 gate=0.1894 desired=0.2475 util=+0.000000
step=14800 elapsed_s=522.9 steps_per_sec=28.302 loss_pre=2.4252 loss_post=2.3431 fpm_loss=0.006235 gate=0.1895 desired=0.2473 util=+0.000000
step=14900 elapsed_s=525.6 steps_per_sec=28.347 loss_pre=2.5270 loss_post=2.3798 fpm_loss=0.005571 gate=0.1894 desired=0.2474 util=+0.000000
step=15000 elapsed_s=528.3 steps_per_sec=28.393 loss_pre=2.5482 loss_post=2.4461 fpm_loss=0.006238 gate=0.1894 desired=0.2462 util=+0.000000
val step=15000 steps=872 loss_pre=2.5706 loss_train=2.5706 loss_post=2.5706 ppl_proxy=13.0736
  fpm: utility=+0.000000 replay_utility=+0.000000 retrieval_loss=0.006232 retrieval_sim=0.000000
  pipeline: projected=0.000 candidates=0.000 feed_entries=0.000 consolidated=0.000 accept_rate=0.000 cons_rate=0.000
  gate: mean=0.186518 learned_cap=0.199998 desired=0.198352 policy_reward=+0.000000
  signal: raw_op_rms=0.000000 op_rms=0.000000 gated_rms=0.000000 memory_rms=0.003210 target_cosine=+0.000000 useful_high_mse=0.000000
  functional: loss_gain=+0.000000 usefulness=0.000000 residual_rms=0.000000 target_rms=0.000000 target_cosine=+0.000000 bootstrap_active=0.000
  pre_deq: train_loss=2.570594 alpha_entity=-0.499429
step=15100 elapsed_s=535.2 steps_per_sec=28.214 loss_pre=2.6561 loss_post=2.4862 fpm_loss=0.006585 gate=0.1894 desired=0.2465 util=+0.000000
step=15200 elapsed_s=537.9 steps_per_sec=28.260 loss_pre=2.4554 loss_post=2.3798 fpm_loss=0.006391 gate=0.1894 desired=0.2462 util=+0.000000
step=15300 elapsed_s=540.5 steps_per_sec=28.305 loss_pre=2.5644 loss_post=2.4424 fpm_loss=0.005821 gate=0.1894 desired=0.2464 util=+0.000000
step=15400 elapsed_s=543.2 steps_per_sec=28.351 loss_pre=2.6068 loss_post=2.5169 fpm_loss=0.005917 gate=0.1894 desired=0.2473 util=+0.000000
step=15500 elapsed_s=545.9 steps_per_sec=28.396 loss_pre=2.4974 loss_post=2.3683 fpm_loss=0.006274 gate=0.1894 desired=0.2475 util=+0.000000
val step=15500 steps=872 loss_pre=2.5798 loss_train=2.5798 loss_post=2.5798 ppl_proxy=13.1939
  fpm: utility=+0.000000 replay_utility=+0.000000 retrieval_loss=0.006223 retrieval_sim=0.000000
  pipeline: projected=0.000 candidates=0.000 feed_entries=0.000 consolidated=0.000 accept_rate=0.000 cons_rate=0.000
  gate: mean=0.186518 learned_cap=0.199998 desired=0.198349 policy_reward=+0.000000
  signal: raw_op_rms=0.000000 op_rms=0.000000 gated_rms=0.000000 memory_rms=0.004471 target_cosine=+0.000000 useful_high_mse=0.000000
  functional: loss_gain=+0.000000 usefulness=0.000000 residual_rms=0.000000 target_rms=0.000000 target_cosine=+0.000000 bootstrap_active=0.000
  pre_deq: train_loss=2.579757 alpha_entity=-0.499084
step=15600 elapsed_s=552.7 steps_per_sec=28.223 loss_pre=2.5009 loss_post=2.3831 fpm_loss=0.006171 gate=0.1895 desired=0.2476 util=+0.000000
step=15700 elapsed_s=555.4 steps_per_sec=28.267 loss_pre=2.6811 loss_post=2.6157 fpm_loss=0.006655 gate=0.1895 desired=0.2477 util=+0.000000
step=15800 elapsed_s=558.1 steps_per_sec=28.311 loss_pre=2.2539 loss_post=2.1260 fpm_loss=0.005751 gate=0.1894 desired=0.2472 util=+0.000000
step=15900 elapsed_s=560.7 steps_per_sec=28.355 loss_pre=2.7116 loss_post=2.6132 fpm_loss=0.005808 gate=0.1894 desired=0.2479 util=+0.000000
step=16000 elapsed_s=563.4 steps_per_sec=28.399 loss_pre=2.7473 loss_post=2.5925 fpm_loss=0.006527 gate=0.1894 desired=0.2461 util=+0.000000
val step=16000 steps=872 loss_pre=2.5670 loss_train=2.5670 loss_post=2.5670 ppl_proxy=13.0261
  fpm: utility=+0.000000 replay_utility=+0.000000 retrieval_loss=0.006200 retrieval_sim=0.000000
  pipeline: projected=0.000 candidates=0.000 feed_entries=0.000 consolidated=0.000 accept_rate=0.000 cons_rate=0.000
  gate: mean=0.186517 learned_cap=0.199998 desired=0.198330 policy_reward=+0.000000
  signal: raw_op_rms=0.000000 op_rms=0.000000 gated_rms=0.000000 memory_rms=0.004025 target_cosine=+0.000000 useful_high_mse=0.000000
  functional: loss_gain=+0.000000 usefulness=0.000000 residual_rms=0.000000 target_rms=0.000000 target_cosine=+0.000000 bootstrap_active=0.000
  pre_deq: train_loss=2.566955 alpha_entity=-0.499717
train_summary steps=16000 loss_pre=2.7683 loss_train=2.7683 loss_post=2.6217 ppl_proxy=13.7597
  fpm: utility=+0.000000 replay_utility=+0.000000 retrieval_loss=0.006465 retrieval_sim=0.000000
  pipeline: projected=0.000 candidates=0.000 feed_entries=0.000 consolidated=0.000 accept_rate=0.000 cons_rate=0.000
  gate: mean=0.188784 learned_cap=0.247007 desired=0.244906 policy_reward=+0.009838
  signal: raw_op_rms=0.000000 op_rms=0.000000 gated_rms=0.000000 memory_rms=0.015713 target_cosine=+0.000000 useful_high_mse=0.000000
  functional: loss_gain=+0.000000 usefulness=0.000000 residual_rms=0.000000 target_rms=0.000000 target_cosine=+0.000000 bootstrap_active=0.000
  pre_deq: train_loss=2.764855 alpha_entity=-0.470547
val_summary steps=872 loss_pre=2.5670 loss_train=2.5670 loss_post=2.5670 ppl_proxy=13.0261
  fpm: utility=+0.000000 replay_utility=+0.000000 retrieval_loss=0.006200 retrieval_sim=0.000000
  pipeline: projected=0.000 candidates=0.000 feed_entries=0.000 consolidated=0.000 accept_rate=0.000 cons_rate=0.000
  gate: mean=0.186517 learned_cap=0.199998 desired=0.198330 policy_reward=+0.000000
  signal: raw_op_rms=0.000000 op_rms=0.000000 gated_rms=0.000000 memory_rms=0.004025 target_cosine=+0.000000 useful_high_mse=0.000000
  functional: loss_gain=+0.000000 usefulness=0.000000 residual_rms=0.000000 target_rms=0.000000 target_cosine=+0.000000 bootstrap_active=0.000
  pre_deq: train_loss=2.566955 alpha_entity=-0.499717
best_val_summary step=16000 steps=872 loss_pre=2.5670 loss_train=2.5670 loss_post=2.5670 ppl_proxy=13.0261
  fpm: utility=+0.000000 replay_utility=+0.000000 retrieval_loss=0.006200 retrieval_sim=0.000000
  pipeline: projected=0.000 candidates=0.000 feed_entries=0.000 consolidated=0.000 accept_rate=0.000 cons_rate=0.000
  gate: mean=0.186517 learned_cap=0.199998 desired=0.198330 policy_reward=+0.000000
  signal: raw_op_rms=0.000000 op_rms=0.000000 gated_rms=0.000000 memory_rms=0.004025 target_cosine=+0.000000 useful_high_mse=0.000000
  functional: loss_gain=+0.000000 usefulness=0.000000 residual_rms=0.000000 target_rms=0.000000 target_cosine=+0.000000 bootstrap_active=0.000
  pre_deq: train_loss=2.566955 alpha_entity=-0.499717
best_frozen_fpm_ablation_summary steps=872 loss_fpm_on=2.5672 ppl_fpm_on=13.0297 loss_fpm_off=2.5672 ppl_fpm_off=13.0297 delta_off_minus_on=+0.000000
  frozen_fpm: gate_on=0.189429 gated_rms_on=0.000000 memory_rms_on=0.005947 retrieval_sim_on=0.000000
final_frozen_fpm_ablation_summary steps=872 loss_fpm_on=2.5672 ppl_fpm_on=13.0297 loss_fpm_off=2.5672 ppl_fpm_off=13.0297 delta_off_minus_on=+0.000000
  frozen_fpm: gate_on=0.189429 gated_rms_on=0.000000 memory_rms_on=0.005947 retrieval_sim_on=0.000000
